TN:
SF:Server.js
FN:26,(anonymous_0)
FN:31,(anonymous_1)
FN:33,(anonymous_2)
FN:42,(anonymous_3)
FN:45,(anonymous_4)
FN:82,(anonymous_5)
FN:83,(anonymous_6)
FN:83,(anonymous_7)
FN:89,(anonymous_8)
FN:106,(anonymous_9)
FN:126,(anonymous_10)
FN:137,(anonymous_11)
FN:150,(anonymous_12)
FN:150,(anonymous_13)
FN:183,(anonymous_14)
FNF:15
FNH:15
FNDA:59,(anonymous_0)
FNDA:374,(anonymous_1)
FNDA:408,(anonymous_2)
FNDA:113,(anonymous_3)
FNDA:98,(anonymous_4)
FNDA:3,(anonymous_5)
FNDA:9,(anonymous_6)
FNDA:27,(anonymous_7)
FNDA:12,(anonymous_8)
FNDA:15,(anonymous_9)
FNDA:6,(anonymous_10)
FNDA:61,(anonymous_11)
FNDA:120,(anonymous_12)
FNDA:360,(anonymous_13)
FNDA:10,(anonymous_14)
DA:2,1
DA:3,1
DA:4,1
DA:5,1
DA:6,1
DA:9,1
DA:15,1
DA:16,1
DA:17,1
DA:18,1
DA:26,1
DA:28,59
DA:29,187
DA:31,374
DA:33,408
DA:35,4
DA:40,55
DA:42,113
DA:45,98
DA:48,1
DA:52,54
DA:53,12
DA:56,12
DA:62,0
DA:66,12
DA:72,0
DA:76,54
DA:82,1
DA:83,27
DA:85,3
DA:89,12
DA:92,3
DA:93,9
DA:94,27
DA:99,3
DA:106,1
DA:107,15
DA:112,15
DA:113,15
DA:117,1
DA:118,1
DA:126,1
DA:127,6
DA:137,1
DA:138,61
DA:140,61
DA:143,61
DA:144,59
DA:147,59
DA:150,360
DA:151,59
DA:153,3
DA:154,56
DA:156,51
DA:159,5
DA:160,0
DA:162,5
DA:166,5
DA:168,5
DA:169,5
DA:173,54
DA:175,2
DA:183,1
DA:184,10
DA:185,10
DA:188,1
LF:66
LH:63
BRDA:29,0,0,4
BRDA:29,0,1,183
BRDA:31,1,0,187
BRDA:31,1,1,185
BRDA:31,2,0,374
BRDA:31,2,1,250
BRDA:33,3,0,408
BRDA:33,3,1,258
BRDA:40,4,0,1
BRDA:40,4,1,54
BRDA:42,5,0,55
BRDA:42,5,1,54
BRDA:42,6,0,113
BRDA:42,6,1,59
BRDA:45,7,0,98
BRDA:45,7,1,66
BRDA:52,8,0,12
BRDA:52,8,1,42
BRDA:56,9,0,0
BRDA:56,9,1,12
BRDA:57,10,0,12
BRDA:57,10,1,5
BRDA:57,10,2,0
BRDA:57,10,3,0
BRDA:66,11,0,0
BRDA:66,11,1,12
BRDA:67,12,0,12
BRDA:67,12,1,0
BRDA:67,12,2,0
BRDA:67,12,3,0
BRDA:85,13,0,3
BRDA:85,13,1,0
BRDA:143,14,0,59
BRDA:143,14,1,2
BRDA:143,15,0,61
BRDA:143,15,1,60
BRDA:143,15,2,59
BRDA:151,16,0,3
BRDA:151,16,1,56
BRDA:151,17,0,59
BRDA:151,17,1,54
BRDA:151,17,2,3
BRDA:154,18,0,51
BRDA:154,18,1,5
BRDA:156,19,0,27
BRDA:156,19,1,24
BRDA:159,20,0,0
BRDA:159,20,1,5
BRF:48
BRH:39
end_of_record
